<?xml version="1.0" encoding="UTF-8"?>
<!-- Generated by org.testng.reporters.JUnitXMLReporter -->
<testsuite hostname="LAPTOP-99IORVV9" ignored="0" name="Bank Manager Login Test" tests="2" failures="1" timestamp="2021-12-05T19:11:35 MSK" time="0.38" errors="0">
  <testcase name="loginAsBankManger" time="0.349" classname="com.w2a.testcases.BankManagerLoginTest"/>
  <testcase name="loginAsBankManger" time="0.362" classname="com.w2a.testcases.BankManagerLoginTest">
    <failure type="java.lang.NullPointerException">
      <![CDATA[java.lang.NullPointerException
at com.w2a.listeners.ExtentListeners.onTestSuccess(ExtentListeners.java:41)
at java.util.ArrayList.forEach(ArrayList.java:1259)
... Removed 24 stack frames]]>
    </failure>
  </testcase> <!-- loginAsBankManger -->
</testsuite> <!-- Bank Manager Login Test -->
